-------------------------------------------------------------------------------
Test set: com.moviebookingapp.MoviebookingappApplicationTests
-------------------------------------------------------------------------------
Tests run: 1, Failures: 0, Errors: 1, Skipped: 0, Time elapsed: 2.05 s <<< FAILURE! - in com.moviebookingapp.MoviebookingappApplicationTests
main  Time elapsed: 2.022 s  <<< ERROR!
org.springframework.context.ApplicationContextException: Failed to start bean 'webServerStartStop'; nested exception is org.springframework.boot.web.server.PortInUseException: Port 8080 is already in use
	at com.moviebookingapp.MoviebookingappApplicationTests.main(MoviebookingappApplicationTests.java:11)
Caused by: org.springframework.boot.web.server.PortInUseException: Port 8080 is already in use
	at com.moviebookingapp.MoviebookingappApplicationTests.main(MoviebookingappApplicationTests.java:11)
Caused by: java.lang.IllegalArgumentException: standardService.connector.startFailed
	at com.moviebookingapp.MoviebookingappApplicationTests.main(MoviebookingappApplicationTests.java:11)
Caused by: org.apache.catalina.LifecycleException: Protocol handler start failed
	at com.moviebookingapp.MoviebookingappApplicationTests.main(MoviebookingappApplicationTests.java:11)
Caused by: java.net.BindException: Address already in use: bind
	at com.moviebookingapp.MoviebookingappApplicationTests.main(MoviebookingappApplicationTests.java:11)

