<?xml version="1.0" encoding="UTF-8"?>
<testsuite xmlns:xsi="http://www.w3.org/2001/XMLSchema-instance" xsi:noNamespaceSchemaLocation="https://maven.apache.org/surefire/maven-surefire-plugin/xsd/surefire-test-report.xsd" name="com.moviebookingapp.MoviebookingappApplicationTests" time="2.05" tests="1" errors="1" skipped="0" failures="0">
  <properties>
[...]
</properties>
  <testcase name="main" classname="com.moviebookingapp.MoviebookingappApplicationTests" time="2.022">
    <error message="Failed to start bean &apos;webServerStartStop&apos;; nested exception is org.springframework.boot.web.server.PortInUseException: Port 8080 is already in use" type="org.springframework.context.ApplicationContextException">org.springframework.context.ApplicationContextException: Failed to start bean 'webServerStartStop'; nested exception is org.springframework.boot.web.server.PortInUseException: Port 8080 is already in use
	at com.moviebookingapp.MoviebookingappApplicationTests.main(MoviebookingappApplicationTests.java:11)
Caused by: org.springframework.boot.web.server.PortInUseException: Port 8080 is already in use
	at com.moviebookingapp.MoviebookingappApplicationTests.main(MoviebookingappApplicationTests.java:11)
Caused by: java.lang.IllegalArgumentException: standardService.connector.startFailed
	at com.moviebookingapp.MoviebookingappApplicationTests.main(MoviebookingappApplicationTests.java:11)
Caused by: org.apache.catalina.LifecycleException: Protocol handler start failed
	at com.moviebookingapp.MoviebookingappApplicationTests.main(MoviebookingappApplicationTests.java:11)
Caused by: java.net.BindException: Address already in use: bind
	at com.moviebookingapp.MoviebookingappApplicationTests.main(MoviebookingappApplicationTests.java:11)
</error>
    <system-out><![CDATA[2023-08-03 10:30:01.924  INFO 6212 --- [           main] .b.t.c.SpringBootTestContextBootstrapper : Neither @ContextConfiguration nor @ContextHierarchy found for test class [com.moviebookingapp.MoviebookingappApplicationTests], using SpringBootContextLoader
2023-08-03 10:30:01.925  INFO 6212 --- [           main] o.s.t.c.support.AbstractContextLoader    : Could not detect default resource locations for test class [com.moviebookingapp.MoviebookingappApplicationTests]: no resource found for suffixes {-context.xml, Context.groovy}.
2023-08-03 10:30:01.926  INFO 6212 --- [           main] t.c.s.AnnotationConfigContextLoaderUtils : Could not detect default configuration classes for test class [com.moviebookingapp.MoviebookingappApplicationTests]: MoviebookingappApplicationTests does not declare any static, non-private, non-final, nested classes annotated with @Configuration.
2023-08-03 10:30:01.935  INFO 6212 --- [           main] .b.t.c.SpringBootTestContextBootstrapper : Found @SpringBootConfiguration com.moviebookingapp.MoviebookingappApplication for test class com.moviebookingapp.MoviebookingappApplicationTests
2023-08-03 10:30:01.939  INFO 6212 --- [           main] .b.t.c.SpringBootTestContextBootstrapper : Loaded default TestExecutionListener class names from location [META-INF/spring.factories]: [org.springframework.boot.test.mock.mockito.MockitoTestExecutionListener, org.springframework.boot.test.mock.mockito.ResetMocksTestExecutionListener, org.springframework.boot.test.autoconfigure.restdocs.RestDocsTestExecutionListener, org.springframework.boot.test.autoconfigure.web.client.MockRestServiceServerResetTestExecutionListener, org.springframework.boot.test.autoconfigure.web.servlet.MockMvcPrintOnlyOnFailureTestExecutionListener, org.springframework.boot.test.autoconfigure.web.servlet.WebDriverTestExecutionListener, org.springframework.boot.test.autoconfigure.webservices.client.MockWebServiceServerTestExecutionListener, org.springframework.test.context.web.ServletTestExecutionListener, org.springframework.test.context.support.DirtiesContextBeforeModesTestExecutionListener, org.springframework.test.context.event.ApplicationEventsTestExecutionListener, org.springframework.test.context.support.DependencyInjectionTestExecutionListener, org.springframework.test.context.support.DirtiesContextTestExecutionListener, org.springframework.test.context.transaction.TransactionalTestExecutionListener, org.springframework.test.context.jdbc.SqlScriptsTestExecutionListener, org.springframework.test.context.event.EventPublishingTestExecutionListener]
2023-08-03 10:30:01.940  INFO 6212 --- [           main] .b.t.c.SpringBootTestContextBootstrapper : Using TestExecutionListeners: [org.springframework.test.context.web.ServletTestExecutionListener@22a1d77b, org.springframework.test.context.support.DirtiesContextBeforeModesTestExecutionListener@6f30d0eb, org.springframework.test.context.event.ApplicationEventsTestExecutionListener@22fe90df, org.springframework.boot.test.mock.mockito.MockitoTestExecutionListener@2604940, org.springframework.boot.test.autoconfigure.SpringBootDependencyInjectionTestExecutionListener@2e564c78, org.springframework.test.context.support.DirtiesContextTestExecutionListener@470866d1, org.springframework.test.context.transaction.TransactionalTestExecutionListener@11267e87, org.springframework.test.context.jdbc.SqlScriptsTestExecutionListener@118c1faa, org.springframework.test.context.event.EventPublishingTestExecutionListener@da5b46f, org.springframework.boot.test.mock.mockito.ResetMocksTestExecutionListener@99f75e4, org.springframework.boot.test.autoconfigure.restdocs.RestDocsTestExecutionListener@2b6ff016, org.springframework.boot.test.autoconfigure.web.client.MockRestServiceServerResetTestExecutionListener@5aefdb9e, org.springframework.boot.test.autoconfigure.web.servlet.MockMvcPrintOnlyOnFailureTestExecutionListener@7a491a60, org.springframework.boot.test.autoconfigure.web.servlet.WebDriverTestExecutionListener@80b6098, org.springframework.boot.test.autoconfigure.webservices.client.MockWebServiceServerTestExecutionListener@5c30decf]

  .   ____          _            __ _ _
 /\\ / ___'_ __ _ _(_)_ __  __ _ \ \ \ \
( ( )\___ | '_ | '_| | '_ \/ _` | \ \ \ \
 \\/  ___)| |_)| | | | | || (_| |  ) ) ) )
  '  |____| .__|_| |_|_| |_\__, | / / / /
 =========|_|==============|___/=/_/_/_/
 :: Spring Boot ::               (v2.7.10)

2023-08-03 10:30:01.998  INFO 6212 --- [           main] c.m.MoviebookingappApplication           : Starting MoviebookingappApplication using Java 20.0.1 on LAPTOP-DK8F1UGL with PID 6212 (started by Rachna in C:\Users\Rachna\Downloads\moviebookingapp-new\moviebookingapp-main\moviebookingapp)
2023-08-03 10:30:01.999  INFO 6212 --- [           main] c.m.MoviebookingappApplication           : No active profile set, falling back to 1 default profile: "default"
2023-08-03 10:30:02.493  INFO 6212 --- [           main] .s.d.r.c.RepositoryConfigurationDelegate : Bootstrapping Spring Data MongoDB repositories in DEFAULT mode.
2023-08-03 10:30:02.521  INFO 6212 --- [           main] .s.d.r.c.RepositoryConfigurationDelegate : Finished Spring Data repository scanning in 28 ms. Found 3 MongoDB repository interfaces.
2023-08-03 10:30:02.858  INFO 6212 --- [           main] o.s.b.w.embedded.tomcat.TomcatWebServer  : Tomcat initialized with port(s): 8080 (http)
2023-08-03 10:30:02.877  INFO 6212 --- [           main] o.apache.catalina.core.StandardService   : Starting service [Tomcat]
2023-08-03 10:30:02.878  INFO 6212 --- [           main] org.apache.catalina.core.StandardEngine  : Starting Servlet engine: [Apache Tomcat/9.0.73]
2023-08-03 10:30:03.087  INFO 6212 --- [           main] o.a.c.c.C.[Tomcat].[localhost].[/]       : Initializing Spring embedded WebApplicationContext
2023-08-03 10:30:03.088  INFO 6212 --- [           main] w.s.c.ServletWebServerApplicationContext : Root WebApplicationContext: initialization completed in 1084 ms
2023-08-03 10:30:03.212  INFO 6212 --- [           main] org.mongodb.driver.client                : MongoClient with metadata {"driver": {"name": "mongo-java-driver|sync|spring-boot", "version": "4.6.1"}, "os": {"type": "Windows", "name": "Windows 11", "architecture": "amd64", "version": "10.0"}, "platform": "Java/Oracle Corporation/20.0.1+9-29"} created with settings MongoClientSettings{readPreference=primary, writeConcern=WriteConcern{w=null, wTimeout=null ms, journal=null}, retryWrites=true, retryReads=true, readConcern=ReadConcern{level=null}, credential=null, streamFactoryFactory=null, commandListeners=[], codecRegistry=ProvidersCodecRegistry{codecProviders=[ValueCodecProvider{}, BsonValueCodecProvider{}, DBRefCodecProvider{}, DBObjectCodecProvider{}, DocumentCodecProvider{}, IterableCodecProvider{}, MapCodecProvider{}, GeoJsonCodecProvider{}, GridFSFileCodecProvider{}, Jsr310CodecProvider{}, JsonObjectCodecProvider{}, BsonCodecProvider{}, EnumCodecProvider{}, com.mongodb.Jep395RecordCodecProvider@113ee1ce]}, clusterSettings={hosts=[localhost:27017], srvServiceName=mongodb, mode=SINGLE, requiredClusterType=UNKNOWN, requiredReplicaSetName='null', serverSelector='null', clusterListeners='[]', serverSelectionTimeout='30000 ms', localThreshold='30000 ms'}, socketSettings=SocketSettings{connectTimeoutMS=10000, readTimeoutMS=0, receiveBufferSize=0, sendBufferSize=0}, heartbeatSocketSettings=SocketSettings{connectTimeoutMS=10000, readTimeoutMS=10000, receiveBufferSize=0, sendBufferSize=0}, connectionPoolSettings=ConnectionPoolSettings{maxSize=100, minSize=0, maxWaitTimeMS=120000, maxConnectionLifeTimeMS=0, maxConnectionIdleTimeMS=0, maintenanceInitialDelayMS=0, maintenanceFrequencyMS=60000, connectionPoolListeners=[], maxConnecting=2}, serverSettings=ServerSettings{heartbeatFrequencyMS=10000, minHeartbeatFrequencyMS=500, serverListeners='[]', serverMonitorListeners='[]'}, sslSettings=SslSettings{enabled=false, invalidHostNameAllowed=false, context=null}, applicationName='null', compressorList=[], uuidRepresentation=JAVA_LEGACY, serverApi=null, autoEncryptionSettings=null, contextProvider=null}
2023-08-03 10:30:03.228  INFO 6212 --- [localhost:27017] org.mongodb.driver.connection            : Opened connection [connectionId{localValue:5, serverValue:17}] to localhost:27017
2023-08-03 10:30:03.230  INFO 6212 --- [localhost:27017] org.mongodb.driver.connection            : Opened connection [connectionId{localValue:4, serverValue:18}] to localhost:27017
2023-08-03 10:30:03.231  INFO 6212 --- [localhost:27017] org.mongodb.driver.cluster               : Monitor thread successfully connected to server with description ServerDescription{address=localhost:27017, type=STANDALONE, state=CONNECTED, ok=true, minWireVersion=0, maxWireVersion=17, maxDocumentSize=16777216, logicalSessionTimeoutMinutes=30, roundTripTimeNanos=15594400}
2023-08-03 10:30:03.371  INFO 6212 --- [           main] org.mongodb.driver.connection            : Opened connection [connectionId{localValue:6, serverValue:19}] to localhost:27017
2023-08-03 10:30:03.608  INFO 6212 --- [           main] pertySourcedRequestMappingHandlerMapping : Mapped URL path [/v2/api-docs] onto method [springfox.documentation.swagger2.web.Swagger2Controller#getDocumentation(String, HttpServletRequest)]
2023-08-03 10:30:03.748  INFO 6212 --- [           main] o.a.k.clients.consumer.ConsumerConfig    : ConsumerConfig values: 
	allow.auto.create.topics = true
	auto.commit.interval.ms = 5000
	auto.offset.reset = latest
	bootstrap.servers = [localhost:9092]
	check.crcs = true
	client.dns.lookup = use_all_dns_ips
	client.id = consumer-movie[-2
	client.rack = 
	connections.max.idle.ms = 540000
	default.api.timeout.ms = 60000
	enable.auto.commit = false
	exclude.internal.topics = true
	fetch.max.bytes = 52428800
	fetch.max.wait.ms = 500
	fetch.min.bytes = 1
	group.id = movie[
	group.instance.id = null
	heartbeat.interval.ms = 3000
	interceptor.classes = []
	internal.leave.group.on.close = true
	internal.throw.on.fetch.stable.offset.unsupported = false
	isolation.level = read_uncommitted
	key.deserializer = class org.apache.kafka.common.serialization.StringDeserializer
	max.partition.fetch.bytes = 1048576
	max.poll.interval.ms = 300000
	max.poll.records = 500
	metadata.max.age.ms = 300000
	metric.reporters = []
	metrics.num.samples = 2
	metrics.recording.level = INFO
	metrics.sample.window.ms = 30000
	partition.assignment.strategy = [class org.apache.kafka.clients.consumer.RangeAssignor, class org.apache.kafka.clients.consumer.CooperativeStickyAssignor]
	receive.buffer.bytes = 65536
	reconnect.backoff.max.ms = 1000
	reconnect.backoff.ms = 50
	request.timeout.ms = 30000
	retry.backoff.ms = 100
	sasl.client.callback.handler.class = null
	sasl.jaas.config = null
	sasl.kerberos.kinit.cmd = /usr/bin/kinit
	sasl.kerberos.min.time.before.relogin = 60000
	sasl.kerberos.service.name = null
	sasl.kerberos.ticket.renew.jitter = 0.05
	sasl.kerberos.ticket.renew.window.factor = 0.8
	sasl.login.callback.handler.class = null
	sasl.login.class = null
	sasl.login.connect.timeout.ms = null
	sasl.login.read.timeout.ms = null
	sasl.login.refresh.buffer.seconds = 300
	sasl.login.refresh.min.period.seconds = 60
	sasl.login.refresh.window.factor = 0.8
	sasl.login.refresh.window.jitter = 0.05
	sasl.login.retry.backoff.max.ms = 10000
	sasl.login.retry.backoff.ms = 100
	sasl.mechanism = GSSAPI
	sasl.oauthbearer.clock.skew.seconds = 30
	sasl.oauthbearer.expected.audience = null
	sasl.oauthbearer.expected.issuer = null
	sasl.oauthbearer.jwks.endpoint.refresh.ms = 3600000
	sasl.oauthbearer.jwks.endpoint.retry.backoff.max.ms = 10000
	sasl.oauthbearer.jwks.endpoint.retry.backoff.ms = 100
	sasl.oauthbearer.jwks.endpoint.url = null
	sasl.oauthbearer.scope.claim.name = scope
	sasl.oauthbearer.sub.claim.name = sub
	sasl.oauthbearer.token.endpoint.url = null
	security.protocol = PLAINTEXT
	security.providers = null
	send.buffer.bytes = 131072
	session.timeout.ms = 45000
	socket.connection.setup.timeout.max.ms = 30000
	socket.connection.setup.timeout.ms = 10000
	ssl.cipher.suites = null
	ssl.enabled.protocols = [TLSv1.2, TLSv1.3]
	ssl.endpoint.identification.algorithm = https
	ssl.engine.factory.class = null
	ssl.key.password = null
	ssl.keymanager.algorithm = SunX509
	ssl.keystore.certificate.chain = null
	ssl.keystore.key = null
	ssl.keystore.location = null
	ssl.keystore.password = null
	ssl.keystore.type = JKS
	ssl.protocol = TLSv1.3
	ssl.provider = null
	ssl.secure.random.implementation = null
	ssl.trustmanager.algorithm = PKIX
	ssl.truststore.certificates = null
	ssl.truststore.location = null
	ssl.truststore.password = null
	ssl.truststore.type = JKS
	value.deserializer = class org.apache.kafka.common.serialization.StringDeserializer

2023-08-03 10:30:03.762  INFO 6212 --- [           main] o.a.kafka.common.utils.AppInfoParser     : Kafka version: 3.1.2
2023-08-03 10:30:03.763  INFO 6212 --- [           main] o.a.kafka.common.utils.AppInfoParser     : Kafka commitId: f8c67dc3ae0a3265
2023-08-03 10:30:03.763  INFO 6212 --- [           main] o.a.kafka.common.utils.AppInfoParser     : Kafka startTimeMs: 1691038803762
2023-08-03 10:30:03.763  INFO 6212 --- [           main] o.a.k.clients.consumer.KafkaConsumer     : [Consumer clientId=consumer-movie[-2, groupId=movie[] Subscribed to topic(s): moviebooking
2023-08-03 10:30:03.785  INFO 6212 --- [ntainer#0-0-C-1] org.apache.kafka.clients.Metadata        : [Consumer clientId=consumer-movie[-2, groupId=movie[] Resetting the last seen epoch of partition moviebooking-0 to 0 since the associated topicId changed from null to tB_ADpV1RoC1cuLhSWM5UA
2023-08-03 10:30:03.785  INFO 6212 --- [ntainer#0-0-C-1] org.apache.kafka.clients.Metadata        : [Consumer clientId=consumer-movie[-2, groupId=movie[] Cluster ID: H2e1Gj0bSFGN3ERTMKlDZg
2023-08-03 10:30:03.781  WARN 6212 --- [           main] ConfigServletWebServerApplicationContext : Exception encountered during context initialization - cancelling refresh attempt: org.springframework.context.ApplicationContextException: Failed to start bean 'webServerStartStop'; nested exception is org.springframework.boot.web.server.PortInUseException: Port 8080 is already in use
2023-08-03 10:30:03.787  INFO 6212 --- [ntainer#0-0-C-1] o.a.k.c.c.internals.ConsumerCoordinator  : [Consumer clientId=consumer-movie[-2, groupId=movie[] Discovered group coordinator localhost:9092 (id: 2147483646 rack: null)
2023-08-03 10:30:03.789  INFO 6212 --- [ntainer#0-0-C-1] o.a.k.c.c.internals.ConsumerCoordinator  : [Consumer clientId=consumer-movie[-2, groupId=movie[] (Re-)joining group
2023-08-03 10:30:03.796  INFO 6212 --- [ntainer#0-0-C-1] o.a.k.c.c.internals.ConsumerCoordinator  : [Consumer clientId=consumer-movie[-2, groupId=movie[] Resetting generation due to: consumer pro-actively leaving the group
2023-08-03 10:30:03.796  INFO 6212 --- [ntainer#0-0-C-1] o.a.k.c.c.internals.ConsumerCoordinator  : [Consumer clientId=consumer-movie[-2, groupId=movie[] Request joining group due to: consumer pro-actively leaving the group
2023-08-03 10:30:03.796  INFO 6212 --- [ntainer#0-0-C-1] o.a.k.clients.consumer.KafkaConsumer     : [Consumer clientId=consumer-movie[-2, groupId=movie[] Unsubscribed all topics or patterns and assigned partitions
2023-08-03 10:30:03.800  INFO 6212 --- [ntainer#0-0-C-1] o.a.k.c.c.internals.ConsumerCoordinator  : [Consumer clientId=consumer-movie[-2, groupId=movie[] Resetting generation due to: consumer pro-actively leaving the group
2023-08-03 10:30:03.800  INFO 6212 --- [ntainer#0-0-C-1] o.a.k.c.c.internals.ConsumerCoordinator  : [Consumer clientId=consumer-movie[-2, groupId=movie[] Request joining group due to: consumer pro-actively leaving the group
2023-08-03 10:30:03.804  INFO 6212 --- [ntainer#0-0-C-1] o.a.k.c.c.internals.ConsumerCoordinator  : [Consumer clientId=consumer-movie[-2, groupId=movie[] Request joining group due to: need to re-join with the given member-id
2023-08-03 10:30:03.805  INFO 6212 --- [ntainer#0-0-C-1] org.apache.kafka.common.metrics.Metrics  : Metrics scheduler closed
2023-08-03 10:30:03.805  INFO 6212 --- [ntainer#0-0-C-1] org.apache.kafka.common.metrics.Metrics  : Closing reporter org.apache.kafka.common.metrics.JmxReporter
2023-08-03 10:30:03.805  INFO 6212 --- [ntainer#0-0-C-1] org.apache.kafka.common.metrics.Metrics  : Metrics reporters closed
2023-08-03 10:30:03.812  INFO 6212 --- [ntainer#0-0-C-1] o.a.kafka.common.utils.AppInfoParser     : App info kafka.consumer for consumer-movie[-2 unregistered
2023-08-03 10:30:03.813  INFO 6212 --- [ntainer#0-0-C-1] o.s.k.l.KafkaMessageListenerContainer    : movie[: Consumer stopped
2023-08-03 10:30:03.837  INFO 6212 --- [           main] o.apache.catalina.core.StandardService   : Stopping service [Tomcat]
2023-08-03 10:30:03.870  INFO 6212 --- [           main] ConditionEvaluationReportLoggingListener : 

Error starting ApplicationContext. To display the conditions report re-run your application with 'debug' enabled.
2023-08-03 10:30:03.946 ERROR 6212 --- [           main] o.s.b.d.LoggingFailureAnalysisReporter   : 

***************************
APPLICATION FAILED TO START
***************************

Description:

Web server failed to start. Port 8080 was already in use.

Action:

Identify and stop the process that's listening on port 8080 or configure this application to listen on another port.

]]></system-out>
  </testcase>
</testsuite>